<?xml version="1.0" encoding="UTF-8"?>
<!-- Generated by org.testng.reporters.JUnitReportReporter -->
<testsuite hostname="user1" failures="0" tests="7" name="RunnerFile.ArticleCreationRunner" time="12.877" errors="0" timestamp="2025-04-16T11:17:15 IST" skipped="0">
  <testcase classname="RunnerFile.ArticleCreationRunner" name="runScenario" time="3.163"/>
  <testcase classname="RunnerFile.ArticleCreationRunner" name="runScenario" time="1.561"/>
  <testcase classname="RunnerFile.ArticleCreationRunner" name="runScenario" time="4.233"/>
  <testcase classname="RunnerFile.ArticleCreationRunner" name="runScenario" time="1.550"/>
  <testcase classname="RunnerFile.ArticleCreationRunner" name="runScenario" time="1.041"/>
  <testcase classname="RunnerFile.ArticleCreationRunner" name="runScenario" time="0.703"/>
  <testcase classname="RunnerFile.ArticleCreationRunner" name="runScenario" time="0.626"/>
</testsuite> <!-- RunnerFile.ArticleCreationRunner -->
