<?xml version="1.0" encoding="UTF-8"?>
<!-- Generated by org.testng.reporters.JUnitReportReporter -->
<testsuite hostname="user1" failures="0" tests="2" name="RunnerFile.ArticleCreationRunner" time="2.681" errors="0" timestamp="2025-04-15T17:41:41 IST" skipped="0">
  <testcase classname="RunnerFile.ArticleCreationRunner" name="runScenario" time="1.748"/>
  <testcase classname="RunnerFile.ArticleCreationRunner" name="runScenario" time="0.933"/>
</testsuite> <!-- RunnerFile.ArticleCreationRunner -->
