<?xml version="1.0" encoding="UTF-8"?>
<!-- Generated by org.testng.reporters.JUnitReportReporter -->
<testsuite hostname="user1" failures="0" tests="5" name="RunnerFile.ArticleCreationRunner" time="4.521" errors="0" timestamp="2025-04-16T10:43:49 IST" skipped="0">
  <testcase classname="RunnerFile.ArticleCreationRunner" name="runScenario" time="0.715"/>
  <testcase classname="RunnerFile.ArticleCreationRunner" name="runScenario" time="0.192"/>
  <testcase classname="RunnerFile.ArticleCreationRunner" name="runScenario" time="1.689"/>
  <testcase classname="RunnerFile.ArticleCreationRunner" name="runScenario" time="0.935"/>
  <testcase classname="RunnerFile.ArticleCreationRunner" name="runScenario" time="0.990"/>
</testsuite> <!-- RunnerFile.ArticleCreationRunner -->
